\BOOKMARK [1][-]{section.1}{\311tude des foules et \351vacuation}{}% 1
\BOOKMARK [1][-]{section.2}{Objectifs}{}% 2
\BOOKMARK [1][-]{section.3}{Simulation multi-agents}{}% 3
\BOOKMARK [1][-]{section.4}{Outils utilis\351s}{}% 4
\BOOKMARK [1][-]{section.5}{Description d'une salle}{}% 5
\BOOKMARK [1][-]{section.6}{Description des agents}{}% 6
\BOOKMARK [1][-]{section.7}{Mod\351lisation du mouvement d'un agent}{}% 7
\BOOKMARK [2][-]{subsection.7.1}{Mouvement en fonction du voisinage}{section.7}% 8
\BOOKMARK [2][-]{subsection.7.2}{Mouvement en fonction du champ de vision}{section.7}% 9
\BOOKMARK [2][-]{subsection.7.3}{Mouvement par un champ vectoriel}{section.7}% 10
\BOOKMARK [1][-]{section.8}{Recherche d'optimisations gr\342ce \340 la mod\351lisation}{}% 11
\BOOKMARK [1][-]{section.9}{Conclusion}{}% 12
\BOOKMARK [1][-]{appendix.A}{Listings}{}% 13
\BOOKMARK [2][-]{subsection.A.1}{simulation.py}{appendix.A}% 14
\BOOKMARK [2][-]{subsection.A.2}{constructeur\137simulation.py}{appendix.A}% 15
\BOOKMARK [2][-]{subsection.A.3}{espace.py}{appendix.A}% 16
\BOOKMARK [2][-]{subsection.A.4}{personne.py}{appendix.A}% 17
\BOOKMARK [2][-]{subsection.A.5}{test\137point\137suivre.py \(Mod\351lisation du mouvement\)}{appendix.A}% 18
\BOOKMARK [2][-]{subsection.A.6}{space\137hash.py \(Hachage de l'espace et Treillis\)}{appendix.A}% 19
\BOOKMARK [2][-]{subsection.A.7}{ecouteur.py}{appendix.A}% 20
\BOOKMARK [2][-]{subsection.A.8}{lieu\137ferme.py}{appendix.A}% 21
\BOOKMARK [2][-]{subsection.A.9}{obstacle.py}{appendix.A}% 22
\BOOKMARK [2][-]{subsection.A.10}{representation.py}{appendix.A}% 23
\BOOKMARK [2][-]{subsection.A.11}{geometrie.py}{appendix.A}% 24
\BOOKMARK [2][-]{subsection.A.12}{base.py}{appendix.A}% 25
\BOOKMARK [2][-]{subsection.A.13}{fonctions\137annexes.py}{appendix.A}% 26
\BOOKMARK [2][-]{subsection.A.14}{representation\137categories.py}{appendix.A}% 27
